[13-02-2026 11:47:24] ERROR: User not found
Error: User not found
    at userLoginService (file:///home/suajldas/Desktop/Freelance/SiMClare_Backend/models/models.userLoginService.js:9:27)
    at process.processTicksAndRejections (node:internal/process/task_queues:105:5)
    at async userLogin (file:///home/suajldas/Desktop/Freelance/SiMClare_Backend/controllers/userLogin.js:11:22)
[13-02-2026 11:47:33] ERROR: User not found
Error: User not found
    at userLoginService (file:///home/suajldas/Desktop/Freelance/SiMClare_Backend/models/models.userLoginService.js:9:27)
    at process.processTicksAndRejections (node:internal/process/task_queues:105:5)
    at async userLogin (file:///home/suajldas/Desktop/Freelance/SiMClare_Backend/controllers/userLogin.js:11:22)
[13-02-2026 12:16:32] ERROR: Invalid password
Error: Invalid password
    at userLoginService (file:///home/suajldas/Desktop/Freelance/SiMClare_Backend/models/models.userLoginService.js:17:27)
    at async userLogin (file:///home/suajldas/Desktop/Freelance/SiMClare_Backend/controllers/userLogin.js:11:22)

[13-02-2026 12:17:02] ERROR: User not found
Error: User not found
    at userLoginService (file:///home/suajldas/Desktop/Freelance/SiMClare_Backend/models/models.userLoginService.js:9:27)
    at process.processTicksAndRejections (node:internal/process/task_queues:105:5)
    at async userLogin (file:///home/suajldas/Desktop/Freelance/SiMClare_Backend/controllers/userLogin.js:11:22)
[13-02-2026 15:27:03] ERROR: Table 'SiM_Claire.Users' doesn't exist
Error: Table 'SiM_Claire.Users' doesn't exist
    at PromisePool.query (/home/suajldas/Desktop/Freelance/SiMClare_Backend/node_modules/mysql2/lib/promise/pool.js:36:22)
    at forgotPassword (file:///home/suajldas/Desktop/Freelance/SiMClare_Backend/controllers/forgotPassword.js:11:33)
    at Layer.handleRequest (/home/suajldas/Desktop/Freelance/SiMClare_Backend/node_modules/router/lib/layer.js:152:17)
    at next (/home/suajldas/Desktop/Freelance/SiMClare_Backend/node_modules/router/lib/route.js:157:13)
    at Route.dispatch (/home/suajldas/Desktop/Freelance/SiMClare_Backend/node_modules/router/lib/route.js:117:3)
    at handle (/home/suajldas/Desktop/Freelance/SiMClare_Backend/node_modules/router/index.js:435:11)
    at Layer.handleRequest (/home/suajldas/Desktop/Freelance/SiMClare_Backend/node_modules/router/lib/layer.js:152:17)
    at /home/suajldas/Desktop/Freelance/SiMClare_Backend/node_modules/router/index.js:295:15
    at processParams (/home/suajldas/Desktop/Freelance/SiMClare_Backend/node_modules/router/index.js:582:12)
    at next (/home/suajldas/Desktop/Freelance/SiMClare_Backend/node_modules/router/index.js:291:5)
